<?xml version="1.0" encoding="UTF-8"?>
<testsuite xmlns:xsi="http://www.w3.org/2001/XMLSchema-instance" xsi:noNamespaceSchemaLocation="https://maven.apache.org/surefire/maven-surefire-plugin/xsd/surefire-test-report-3.0.xsd" version="3.0" name="fr.cerenn.controller.PanneauControllerTest" time="0.212" tests="4" errors="0" skipped="0" failures="0">
  <properties>
    <property name="sun.desktop" value="gnome"/>
    <property name="awt.toolkit" value="sun.awt.X11.XToolkit"/>
    <property name="java.specification.version" value="11"/>
    <property name="sun.cpu.isalist" value=""/>
    <property name="sun.jnu.encoding" value="UTF-8"/>
    <property name="java.class.path" value="/home/ethan/Documents/POC - BLOC 3/POC_CERENN/target/test-classes:/home/ethan/Documents/POC - BLOC 3/POC_CERENN/target/classes:/home/ethan/.m2/repository/junit/junit/4.13.2/junit-4.13.2.jar:/home/ethan/.m2/repository/org/hamcrest/hamcrest-core/1.3/hamcrest-core-1.3.jar:/home/ethan/.m2/repository/org/slf4j/slf4j-api/1.7.36/slf4j-api-1.7.36.jar:/home/ethan/.m2/repository/ch/qos/logback/logback-classic/1.2.11/logback-classic-1.2.11.jar:/home/ethan/.m2/repository/ch/qos/logback/logback-core/1.2.11/logback-core-1.2.11.jar:"/>
    <property name="java.vm.vendor" value="Ubuntu"/>
    <property name="sun.arch.data.model" value="64"/>
    <property name="java.vendor.url" value="https://ubuntu.com/"/>
    <property name="user.timezone" value=""/>
    <property name="java.vm.specification.version" value="11"/>
    <property name="os.name" value="Linux"/>
    <property name="sun.java.launcher" value="SUN_STANDARD"/>
    <property name="user.country" value="FR"/>
    <property name="sun.boot.library.path" value="/usr/lib/jvm/java-11-openjdk-amd64/lib"/>
    <property name="sun.java.command" value="/home/ethan/Documents/POC - BLOC 3/POC_CERENN/target/surefire/surefirebooter4555108773759246333.jar /home/ethan/Documents/POC - BLOC 3/POC_CERENN/target/surefire 2025-04-18T15-39-06_672-jvmRun1 surefire9608570178152130644tmp surefire_07545916123252464807tmp"/>
    <property name="jdk.debug" value="release"/>
    <property name="surefire.test.class.path" value="/home/ethan/Documents/POC - BLOC 3/POC_CERENN/target/test-classes:/home/ethan/Documents/POC - BLOC 3/POC_CERENN/target/classes:/home/ethan/.m2/repository/junit/junit/4.13.2/junit-4.13.2.jar:/home/ethan/.m2/repository/org/hamcrest/hamcrest-core/1.3/hamcrest-core-1.3.jar:/home/ethan/.m2/repository/org/slf4j/slf4j-api/1.7.36/slf4j-api-1.7.36.jar:/home/ethan/.m2/repository/ch/qos/logback/logback-classic/1.2.11/logback-classic-1.2.11.jar:/home/ethan/.m2/repository/ch/qos/logback/logback-core/1.2.11/logback-core-1.2.11.jar:"/>
    <property name="sun.cpu.endian" value="little"/>
    <property name="user.home" value="/home/ethan"/>
    <property name="user.language" value="fr"/>
    <property name="java.specification.vendor" value="Oracle Corporation"/>
    <property name="java.version.date" value="2025-01-21"/>
    <property name="java.home" value="/usr/lib/jvm/java-11-openjdk-amd64"/>
    <property name="file.separator" value="/"/>
    <property name="basedir" value="/home/ethan/Documents/POC - BLOC 3/POC_CERENN"/>
    <property name="java.vm.compressedOopsMode" value="Zero based"/>
    <property name="line.separator" value="&#10;"/>
    <property name="java.specification.name" value="Java Platform API Specification"/>
    <property name="java.vm.specification.vendor" value="Oracle Corporation"/>
    <property name="java.awt.graphicsenv" value="sun.awt.X11GraphicsEnvironment"/>
    <property name="surefire.real.class.path" value="/home/ethan/Documents/POC - BLOC 3/POC_CERENN/target/surefire/surefirebooter4555108773759246333.jar"/>
    <property name="sun.management.compiler" value="HotSpot 64-Bit Tiered Compilers"/>
    <property name="java.runtime.version" value="11.0.26+4-post-Ubuntu-1ubuntu120.04"/>
    <property name="user.name" value="ethan"/>
    <property name="path.separator" value=":"/>
    <property name="os.version" value="5.15.0-131-generic"/>
    <property name="java.runtime.name" value="OpenJDK Runtime Environment"/>
    <property name="file.encoding" value="UTF-8"/>
    <property name="java.vm.name" value="OpenJDK 64-Bit Server VM"/>
    <property name="localRepository" value="/home/ethan/.m2/repository"/>
    <property name="java.vendor.url.bug" value="https://bugs.launchpad.net/ubuntu/+source/openjdk-lts"/>
    <property name="java.io.tmpdir" value="/tmp"/>
    <property name="java.version" value="11.0.26"/>
    <property name="user.dir" value="/home/ethan/Documents/POC - BLOC 3/POC_CERENN"/>
    <property name="os.arch" value="amd64"/>
    <property name="java.vm.specification.name" value="Java Virtual Machine Specification"/>
    <property name="java.awt.printerjob" value="sun.print.PSPrinterJob"/>
    <property name="sun.os.patch.level" value="unknown"/>
    <property name="org.slf4j.simpleLogger.defaultLogLevel" value="debug"/>
    <property name="java.library.path" value="/tmp/.mount_Cursork0xDyb/usr/lib/:/tmp/.mount_Cursork0xDyb/usr/lib32/:/tmp/.mount_Cursork0xDyb/usr/lib64/:/tmp/.mount_Cursork0xDyb/lib/:/tmp/.mount_Cursork0xDyb/lib/i386-linux-gnu/:/tmp/.mount_Cursork0xDyb/lib/x86_64-linux-gnu/:/tmp/.mount_Cursork0xDyb/lib/aarch64-linux-gnu/:/tmp/.mount_Cursork0xDyb/lib32/:/tmp/.mount_Cursork0xDyb/lib64/::/usr/java/packages/lib:/usr/lib/x86_64-linux-gnu/jni:/lib/x86_64-linux-gnu:/usr/lib/x86_64-linux-gnu:/usr/lib/jni:/lib:/usr/lib"/>
    <property name="java.vm.info" value="mixed mode, sharing"/>
    <property name="java.vendor" value="Ubuntu"/>
    <property name="java.vm.version" value="11.0.26+4-post-Ubuntu-1ubuntu120.04"/>
    <property name="java.specification.maintenance.version" value="3"/>
    <property name="sun.io.unicode.encoding" value="UnicodeLittle"/>
    <property name="java.class.version" value="55.0"/>
  </properties>
  <testcase name="testVerifierDimensionsPanneau_PanneauValide" classname="fr.cerenn.controller.PanneauControllerTest" time="0.164">
    <system-out><![CDATA[15:39:07.305 [main] INFO  f.c.controller.PanneauControllerTest - Initialisation des tests PanneauController
15:39:07.307 [main] INFO  f.c.controller.PanneauControllerTest - Test vérification dimensions panneau valide
15:39:07.308 [main] DEBUG f.c.controller.PanneauControllerTest - Résultat vérification : true
]]></system-out>
  </testcase>
  <testcase name="testCreerPanneau" classname="fr.cerenn.controller.PanneauControllerTest" time="0">
    <system-out><![CDATA[15:39:07.310 [main] INFO  f.c.controller.PanneauControllerTest - Initialisation des tests PanneauController
15:39:07.310 [main] INFO  f.c.controller.PanneauControllerTest - Test création panneau
15:39:07.311 [main] DEBUG f.c.controller.PanneauControllerTest - Panneau créé : hf=1000, lf=1000, hb=2000, lb=2000
]]></system-out>
  </testcase>
  <testcase name="testVerifierDimensionsPanneau_SansPanneau" classname="fr.cerenn.controller.PanneauControllerTest" time="0.001">
    <system-out><![CDATA[15:39:07.311 [main] INFO  f.c.controller.PanneauControllerTest - Initialisation des tests PanneauController
15:39:07.311 [main] INFO  f.c.controller.PanneauControllerTest - Test vérification dimensions sans panneau
]]></system-out>
  </testcase>
  <testcase name="testVerifierDimensionsPanneau_PanneauInvalide" classname="fr.cerenn.controller.PanneauControllerTest" time="0">
    <system-out><![CDATA[15:39:07.311 [main] INFO  f.c.controller.PanneauControllerTest - Initialisation des tests PanneauController
15:39:07.312 [main] INFO  f.c.controller.PanneauControllerTest - Test vérification dimensions panneau invalide
15:39:07.312 [main] DEBUG f.c.controller.PanneauControllerTest - Résultat vérification : false
]]></system-out>
  </testcase>
</testsuite>